[debug] [2023-12-03T19:38:13.612Z] ----------------------------------------------------------------------
[debug] [2023-12-03T19:38:13.615Z] Command:       C:\Program Files\nodejs\node.exe C:\Users\tuana\AppData\Roaming\npm\node_modules\firebase-tools\lib\bin\firebase.js init
[debug] [2023-12-03T19:38:13.619Z] CLI Version:   12.7.0
[debug] [2023-12-03T19:38:13.620Z] Platform:      win32
[debug] [2023-12-03T19:38:13.620Z] Node Version:  v16.16.0
[debug] [2023-12-03T19:38:13.622Z] Time:          Mon Dec 04 2023 02:38:13 GMT+0700 (Indochina Time)
[debug] [2023-12-03T19:38:13.623Z] ----------------------------------------------------------------------
[debug] 
[debug] [2023-12-03T19:38:13.632Z] >>> [apiv2][query] GET https://firebase-public.firebaseio.com/cli.json [none]
[debug] [2023-12-03T19:38:13.839Z] > command requires scopes: ["email","openid","https://www.googleapis.com/auth/cloudplatformprojects.readonly","https://www.googleapis.com/auth/firebase","https://www.googleapis.com/auth/cloud-platform"]
[debug] [2023-12-03T19:38:13.841Z] > authorizing via signed-in user (tuananhdao2862@gmail.com)
[info] 
     ######## #### ########  ######## ########     ###     ######  ########
     ##        ##  ##     ## ##       ##     ##  ##   ##  ##       ##
     ######    ##  ########  ######   ########  #########  ######  ######
     ##        ##  ##    ##  ##       ##     ## ##     ##       ## ##
     ##       #### ##     ## ######## ########  ##     ##  ######  ########

You're about to initialize a Firebase project in this directory:

  D:\Cleverly\Dev\react-projects\personal\goldthief\app

[debug] [2023-12-03T19:38:14.605Z] <<< [apiv2][status] GET https://firebase-public.firebaseio.com/cli.json 200
[debug] [2023-12-03T19:38:14.606Z] <<< [apiv2][body] GET https://firebase-public.firebaseio.com/cli.json {"cloudBuildErrorAfter":1594252800000,"cloudBuildWarnAfter":1590019200000,"defaultNode10After":1594252800000,"minVersion":"3.0.5","node8DeploysDisabledAfter":1613390400000,"node8RuntimeDisabledAfter":1615809600000,"node8WarnAfter":1600128000000}
[info] 
=== Project Setup
[info] 
[info] First, let's associate this project directory with a Firebase project.
[info] You can create multiple project aliases by running firebase use --add, 
[info] but for now we'll just set up a default project.
[info] 
[debug] [2023-12-03T19:39:18.897Z] > refreshing access token with scopes: []
[debug] [2023-12-03T19:39:18.900Z] >>> [apiv2][query] POST https://www.googleapis.com/oauth2/v3/token [none]
[debug] [2023-12-03T19:39:18.900Z] >>> [apiv2][body] POST https://www.googleapis.com/oauth2/v3/token [omitted]
[debug] [2023-12-03T19:39:19.079Z] <<< [apiv2][status] POST https://www.googleapis.com/oauth2/v3/token 200
[debug] [2023-12-03T19:39:19.080Z] <<< [apiv2][body] POST https://www.googleapis.com/oauth2/v3/token [omitted]
[debug] [2023-12-03T19:39:19.097Z] >>> [apiv2][query] GET https://firebase.googleapis.com/v1beta1/projects pageSize=100
[debug] [2023-12-03T19:39:19.854Z] <<< [apiv2][status] GET https://firebase.googleapis.com/v1beta1/projects 200
[debug] [2023-12-03T19:39:19.854Z] <<< [apiv2][body] GET https://firebase.googleapis.com/v1beta1/projects [omitted]
[info] i  Using project goldthief-5ab2a (goldthief) 
[info] 
=== Firestore Setup
[debug] [2023-12-03T19:39:23.164Z] >>> [apiv2][query] GET https://serviceusage.googleapis.com/v1/projects/goldthief-5ab2a/services/firestore.googleapis.com [none]
[debug] [2023-12-03T19:39:23.165Z] >>> [apiv2][(partial)header] GET https://serviceusage.googleapis.com/v1/projects/goldthief-5ab2a/services/firestore.googleapis.com x-goog-quota-user=projects/goldthief-5ab2a
[debug] [2023-12-03T19:39:24.455Z] <<< [apiv2][status] GET https://serviceusage.googleapis.com/v1/projects/goldthief-5ab2a/services/firestore.googleapis.com 200
[debug] [2023-12-03T19:39:24.455Z] <<< [apiv2][body] GET https://serviceusage.googleapis.com/v1/projects/goldthief-5ab2a/services/firestore.googleapis.com [omitted]
[debug] [2023-12-03T19:39:24.456Z] >>> [apiv2][query] GET https://firestore.googleapis.com/v1/projects/goldthief-5ab2a/databases/(default) [none]
[debug] [2023-12-03T19:39:25.636Z] <<< [apiv2][status] GET https://firestore.googleapis.com/v1/projects/goldthief-5ab2a/databases/(default) 200
[debug] [2023-12-03T19:39:25.636Z] <<< [apiv2][body] GET https://firestore.googleapis.com/v1/projects/goldthief-5ab2a/databases/(default) {"name":"projects/goldthief-5ab2a/databases/(default)","uid":"c42b702c-914b-4dc0-a4a9-c33614159fec","createTime":"2023-11-01T17:18:00.568040Z","updateTime":"2023-11-01T17:18:00.568040Z","locationId":"nam5","type":"FIRESTORE_NATIVE","concurrencyMode":"PESSIMISTIC","versionRetentionPeriod":"3600s","earliestVersionTime":"2023-12-03T18:39:24.561780Z","appEngineIntegrationMode":"DISABLED","keyPrefix":"s","pointInTimeRecoveryEnablement":"POINT_IN_TIME_RECOVERY_DISABLED","deleteProtectionState":"DELETE_PROTECTION_DISABLED","etag":"ILWGg8WC9IIDMK72uuyno4ID"}
[debug] [2023-12-03T19:39:25.636Z] database_type: FIRESTORE_NATIVE
[debug] [2023-12-03T19:39:25.637Z] > command requires scopes: ["email","openid","https://www.googleapis.com/auth/cloudplatformprojects.readonly","https://www.googleapis.com/auth/firebase","https://www.googleapis.com/auth/cloud-platform"]
[debug] [2023-12-03T19:39:25.637Z] > authorizing via signed-in user (tuananhdao2862@gmail.com)
[debug] [2023-12-03T19:39:25.637Z] [iam] checking project goldthief-5ab2a for permissions ["firebase.projects.get"]
[debug] [2023-12-03T19:39:25.638Z] >>> [apiv2][query] POST https://cloudresourcemanager.googleapis.com/v1/projects/goldthief-5ab2a:testIamPermissions [none]
[debug] [2023-12-03T19:39:25.638Z] >>> [apiv2][(partial)header] POST https://cloudresourcemanager.googleapis.com/v1/projects/goldthief-5ab2a:testIamPermissions x-goog-quota-user=projects/goldthief-5ab2a
[debug] [2023-12-03T19:39:25.638Z] >>> [apiv2][body] POST https://cloudresourcemanager.googleapis.com/v1/projects/goldthief-5ab2a:testIamPermissions {"permissions":["firebase.projects.get"]}
[debug] [2023-12-03T19:39:26.617Z] <<< [apiv2][status] POST https://cloudresourcemanager.googleapis.com/v1/projects/goldthief-5ab2a:testIamPermissions 200
[debug] [2023-12-03T19:39:26.618Z] <<< [apiv2][body] POST https://cloudresourcemanager.googleapis.com/v1/projects/goldthief-5ab2a:testIamPermissions {"permissions":["firebase.projects.get"]}
[info] 
[info] Firestore Security Rules allow you to define how and when to allow
[info] requests. You can keep these rules in your project directory
[info] and publish them with firebase deploy.
[info] 
[debug] [2023-12-03T19:39:31.060Z] >>> [apiv2][query] GET https://firebaserules.googleapis.com/v1/projects/goldthief-5ab2a/releases pageSize=10&pageToken=
[debug] [2023-12-03T19:39:32.385Z] <<< [apiv2][status] GET https://firebaserules.googleapis.com/v1/projects/goldthief-5ab2a/releases 200
[debug] [2023-12-03T19:39:32.385Z] <<< [apiv2][body] GET https://firebaserules.googleapis.com/v1/projects/goldthief-5ab2a/releases {"releases":[{"name":"projects/goldthief-5ab2a/releases/cloud.firestore","rulesetName":"projects/goldthief-5ab2a/rulesets/ba448ef9-e3b4-409c-8639-95f89ff938d5","createTime":"2023-11-01T17:18:09.546230Z","updateTime":"2023-11-03T10:18:27.815834Z"},{"name":"projects/goldthief-5ab2a/releases/firebase.storage/goldthief-5ab2a.appspot.com","rulesetName":"projects/goldthief-5ab2a/rulesets/1d8e936e-c02e-4abe-9b5f-b3c100399a63","createTime":"2023-11-06T07:08:49.599562Z","updateTime":"2023-11-17T20:00:34.249820Z"}]}
[debug] [2023-12-03T19:39:32.385Z] Found ruleset: projects/goldthief-5ab2a/rulesets/ba448ef9-e3b4-409c-8639-95f89ff938d5
[debug] [2023-12-03T19:39:32.386Z] >>> [apiv2][query] GET https://firebaserules.googleapis.com/v1/projects/goldthief-5ab2a/rulesets/ba448ef9-e3b4-409c-8639-95f89ff938d5 [none]
[debug] [2023-12-03T19:39:33.479Z] <<< [apiv2][status] GET https://firebaserules.googleapis.com/v1/projects/goldthief-5ab2a/rulesets/ba448ef9-e3b4-409c-8639-95f89ff938d5 200
[debug] [2023-12-03T19:39:33.480Z] <<< [apiv2][body] GET https://firebaserules.googleapis.com/v1/projects/goldthief-5ab2a/rulesets/ba448ef9-e3b4-409c-8639-95f89ff938d5 [omitted]
[info] 
[info] Firestore indexes allow you to perform complex queries while
[info] maintaining performance that scales with the size of the result
[info] set. You can keep index definitions in your project directory
[info] and publish them with firebase deploy.
[info] 
[debug] [2023-12-03T19:39:35.762Z] >>> [apiv2][query] GET https://firestore.googleapis.com/v1/projects/goldthief-5ab2a/databases/(default)/collectionGroups/-/indexes [none]
[debug] [2023-12-03T19:39:35.766Z] >>> [apiv2][query] GET https://firestore.googleapis.com/v1/projects/goldthief-5ab2a/databases/(default)/collectionGroups/-/fields?filter=indexConfig.usesAncestorConfig=false OR ttlConfig:* [none]
[debug] [2023-12-03T19:39:36.918Z] <<< [apiv2][status] GET https://firestore.googleapis.com/v1/projects/goldthief-5ab2a/databases/(default)/collectionGroups/-/fields?filter=indexConfig.usesAncestorConfig=false OR ttlConfig:* 200
[debug] [2023-12-03T19:39:36.918Z] <<< [apiv2][body] GET https://firestore.googleapis.com/v1/projects/goldthief-5ab2a/databases/(default)/collectionGroups/-/fields?filter=indexConfig.usesAncestorConfig=false OR ttlConfig:* {"fields":[{"name":"projects/goldthief-5ab2a/databases/(default)/collectionGroups/__default__/fields/*","indexConfig":{"indexes":[{"queryScope":"COLLECTION","fields":[{"fieldPath":"*","order":"ASCENDING"}],"state":"READY"},{"queryScope":"COLLECTION","fields":[{"fieldPath":"*","order":"DESCENDING"}],"state":"READY"},{"queryScope":"COLLECTION","fields":[{"fieldPath":"*","arrayConfig":"CONTAINS"}],"state":"READY"}]}}]}
[debug] [2023-12-03T19:39:36.935Z] <<< [apiv2][status] GET https://firestore.googleapis.com/v1/projects/goldthief-5ab2a/databases/(default)/collectionGroups/-/indexes 200
[debug] [2023-12-03T19:39:36.935Z] <<< [apiv2][body] GET https://firestore.googleapis.com/v1/projects/goldthief-5ab2a/databases/(default)/collectionGroups/-/indexes {}
[info] 
=== Hosting Setup
[info] 
[info] Your public directory is the folder (relative to your project directory) that
[info] will contain Hosting assets to be uploaded with firebase deploy. If you
[info] have a build process for your assets, use your build's output directory.
[info] 
